[debug] [2022-12-10T07:11:22.161Z] ----------------------------------------------------------------------
[debug] [2022-12-10T07:11:22.163Z] Command:       C:\Program Files\nodejs\node.exe C:\Users\USER\AppData\Roaming\npm\node_modules\firebase-tools\lib\bin\firebase.js init
[debug] [2022-12-10T07:11:22.164Z] CLI Version:   11.16.0
[debug] [2022-12-10T07:11:22.164Z] Platform:      win32
[debug] [2022-12-10T07:11:22.164Z] Node Version:  v16.15.1
[debug] [2022-12-10T07:11:22.165Z] Time:          Sat Dec 10 2022 13:11:22 GMT+0600 (Bangladesh Standard Time)
[debug] [2022-12-10T07:11:22.165Z] ----------------------------------------------------------------------
[debug] 
[debug] [2022-12-10T07:11:22.167Z] >>> [apiv2][query] GET https://firebase-public.firebaseio.com/cli.json [none]
[debug] [2022-12-10T07:11:22.185Z] > command requires scopes: ["email","openid","https://www.googleapis.com/auth/cloudplatformprojects.readonly","https://www.googleapis.com/auth/firebase","https://www.googleapis.com/auth/cloud-platform"]
[debug] [2022-12-10T07:11:22.185Z] > authorizing via signed-in user (mdalauddin8948@gmail.com)
[info] 
     ######## #### ########  ######## ########     ###     ######  ########
     ##        ##  ##     ## ##       ##     ##  ##   ##  ##       ##
     ######    ##  ########  ######   ########  #########  ######  ######
     ##        ##  ##    ##  ##       ##     ## ##     ##       ## ##
     ##       #### ##     ## ######## ########  ##     ##  ######  ########

You're about to initialize a Firebase project in this directory:

  C:\projects\Portfolio\Protfolio

Before we get started, keep in mind:

  * You are currently outside your home directory

[debug] [2022-12-10T07:11:22.905Z] <<< [apiv2][status] GET https://firebase-public.firebaseio.com/cli.json 200
[debug] [2022-12-10T07:11:22.906Z] <<< [apiv2][body] GET https://firebase-public.firebaseio.com/cli.json {"cloudBuildErrorAfter":1594252800000,"cloudBuildWarnAfter":1590019200000,"defaultNode10After":1594252800000,"minVersion":"3.0.5","node8DeploysDisabledAfter":1613390400000,"node8RuntimeDisabledAfter":1615809600000,"node8WarnAfter":1600128000000}
[info] 
=== Project Setup
[info] 
[info] First, let's associate this project directory with a Firebase project.
[info] You can create multiple project aliases by running firebase use --add, 
[info] but for now we'll just set up a default project.
[info] 
[debug] [2022-12-10T07:11:44.824Z] > refreshing access token with scopes: []
[debug] [2022-12-10T07:11:44.826Z] >>> [apiv2][query] POST https://www.googleapis.com/oauth2/v3/token [none]
[debug] [2022-12-10T07:11:44.826Z] >>> [apiv2][body] POST https://www.googleapis.com/oauth2/v3/token [omitted]
[debug] [2022-12-10T07:11:45.357Z] <<< [apiv2][status] POST https://www.googleapis.com/oauth2/v3/token 200
[debug] [2022-12-10T07:11:45.358Z] <<< [apiv2][body] POST https://www.googleapis.com/oauth2/v3/token [omitted]
[debug] [2022-12-10T07:11:45.385Z] >>> [apiv2][query] GET https://firebase.googleapis.com/v1beta1/projects pageSize=100
[debug] [2022-12-10T07:11:46.432Z] <<< [apiv2][status] GET https://firebase.googleapis.com/v1beta1/projects 200
[debug] [2022-12-10T07:11:46.432Z] <<< [apiv2][body] GET https://firebase.googleapis.com/v1beta1/projects [omitted]
[info] i  Using project alauddin45 (Md Ala Uddin) 
[info] 
=== Hosting Setup
[info] 
[info] Your public directory is the folder (relative to your project directory) that
[info] will contain Hosting assets to be uploaded with firebase deploy. If you
[info] have a build process for your assets, use your build's output directory.
[info] 
[debug] [2022-12-10T07:12:22.882Z] >>> [apiv2][query] GET https://www.gstatic.com/firebasejs/releases.json [none]
[debug] [2022-12-10T07:12:23.306Z] <<< [apiv2][status] GET https://www.gstatic.com/firebasejs/releases.json 200
[debug] [2022-12-10T07:12:23.306Z] <<< [apiv2][body] GET https://www.gstatic.com/firebasejs/releases.json {"current":{"version":"9.15.0","browserURL":"https://www.gstatic.com/firebasejs/9.15.0/firebase.js","packageURL":"https://www.gstatic.com/firebasejs/9.15.0/firebase.tgz"},"live":{"version":"9.15","browserURL":"https://www.gstatic.com/firebasejs/live/9.15/firebase.js","packageURL":"https://www.gstatic.com/firebasejs/live/9.15/firebase.tgz"},"components":{"analytics":"https://www.gstatic.com/firebasejs/9.15.0/firebase-analytics.js","app":"https://www.gstatic.com/firebasejs/9.15.0/firebase-app.js","app-check":"https://www.gstatic.com/firebasejs/9.15.0/firebase-app-check.js","auth":"https://www.gstatic.com/firebasejs/9.15.0/firebase-auth.js","auth/cordova":"https://www.gstatic.com/firebasejs/9.15.0/firebase-auth/cordova.js","auth/react-native":"https://www.gstatic.com/firebasejs/9.15.0/firebase-auth/react-native.js","functions":"https://www.gstatic.com/firebasejs/9.15.0/firebase-functions.js","firestore":"https://www.gstatic.com/firebasejs/9.15.0/firebase-firestore.js","firestore/lite":"https://www.gstatic.com/firebasejs/9.15.0/firebase-firestore/lite.js","installations":"https://www.gstatic.com/firebasejs/9.15.0/firebase-installations.js","storage":"https://www.gstatic.com/firebasejs/9.15.0/firebase-storage.js","performance":"https://www.gstatic.com/firebasejs/9.15.0/firebase-performance.js","remote-config":"https://www.gstatic.com/firebasejs/9.15.0/firebase-remote-config.js","messaging":"https://www.gstatic.com/firebasejs/9.15.0/firebase-messaging.js","messaging/sw":"https://www.gstatic.com/firebasejs/9.15.0/firebase-messaging/sw.js","database":"https://www.gstatic.com/firebasejs/9.15.0/firebase-database.js","firestore.memory":"https://www.gstatic.com/firebasejs/9.15.0/firebase-firestore.memory.js"}}
[info] +  Wrote build/index.html 
[info] 
[info] i  Detected a .git folder at C:\projects\Portfolio\Protfolio 
[info] i  Authorizing with GitHub to upload your service account to a GitHub repository's secrets store. 
[info] 
[info] Visit this URL on this device to log in:
[info] https://github.com/login/oauth/authorize?client_id=89cf50f02ac6aaed3484&state=1030493479&redirect_uri=http%3A%2F%2Flocalhost%3A9005&scope=read%3Auser%20repo%20public_repo
[info] 
[info] Waiting for authentication...
[debug] [2022-12-10T07:12:33.491Z] >>> [apiv2][query] POST https://github.com/login/oauth/access_token [none]
[debug] [2022-12-10T07:12:33.491Z] >>> [apiv2][body] POST https://github.com/login/oauth/access_token [stream]
[debug] [2022-12-10T07:12:34.089Z] <<< [apiv2][status] POST https://github.com/login/oauth/access_token 200
[debug] [2022-12-10T07:12:34.090Z] <<< [apiv2][body] POST https://github.com/login/oauth/access_token {"access_token":"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","token_type":"bearer","scope":"read:user,repo"}
[debug] [2022-12-10T07:12:34.114Z] >>> [apiv2][query] GET https://api.github.com/user [none]
[debug] [2022-12-10T07:12:34.721Z] <<< [apiv2][status] GET https://api.github.com/user 200
[debug] [2022-12-10T07:12:34.722Z] <<< [apiv2][body] GET https://api.github.com/user {"login":"mdalauddin45","id":92620825,"node_id":"U_kgDOBYVIGQ","avatar_url":"https://avatars.githubusercontent.com/u/92620825?v=4","gravatar_id":"","url":"https://api.github.com/users/mdalauddin45","html_url":"https://github.com/mdalauddin45","followers_url":"https://api.github.com/users/mdalauddin45/followers","following_url":"https://api.github.com/users/mdalauddin45/following{/other_user}","gists_url":"https://api.github.com/users/mdalauddin45/gists{/gist_id}","starred_url":"https://api.github.com/users/mdalauddin45/starred{/owner}{/repo}","subscriptions_url":"https://api.github.com/users/mdalauddin45/subscriptions","organizations_url":"https://api.github.com/users/mdalauddin45/orgs","repos_url":"https://api.github.com/users/mdalauddin45/repos","events_url":"https://api.github.com/users/mdalauddin45/events{/privacy}","received_events_url":"https://api.github.com/users/mdalauddin45/received_events","type":"User","site_admin":false,"name":"Md Ala Uddin","company":null,"blog":"https://web.facebook.com/hello.aloo/","location":"Chittagong, Bangladesh","email":null,"hireable":true,"bio":null,"twitter_username":null,"public_repos":67,"public_gists":0,"followers":1,"following":5,"created_at":"2021-10-16T06:13:15Z","updated_at":"2022-12-07T10:46:00Z","private_gists":0,"total_private_repos":28,"owned_private_repos":28,"disk_usage":317879,"collaborators":0,"two_factor_authentication":false,"plan":{"name":"free","space":976562499,"collaborators":0,"private_repos":10000}}
[info] 
[info] +  Success! Logged into GitHub as mdalauddin45 
[info] 
